<?xml version="1.0" encoding="UTF-8"?>
<testng-results ignored="0" total="1" passed="1" failed="0" skipped="0">
  <reporter-output>
  </reporter-output>
  <suite started-at="2026-02-09T17:16:00 ICT" name="Default suite" finished-at="2026-02-09T17:16:12 ICT" duration-ms="11538">
    <groups>
    </groups>
    <test started-at="2026-02-09T17:16:00 ICT" name="Default test" finished-at="2026-02-09T17:16:12 ICT" duration-ms="11538">
      <class name="Railway.Register">
        <test-method is-config="true" signature="beforeMethod()[pri:0, instance:Railway.Register@45752059]" started-at="2026-02-09T17:16:00 ICT" name="beforeMethod" finished-at="2026-02-09T17:16:04 ICT" duration-ms="3731" status="PASS">
          <reporter-output>
          </reporter-output>
        </test-method> <!-- beforeMethod -->
        <test-method signature="TC08()[pri:0, instance:Railway.Register@45752059]" started-at="2026-02-09T17:16:04 ICT" name="TC08" finished-at="2026-02-09T17:16:12 ICT" duration-ms="7783" status="PASS">
          <reporter-output>
          </reporter-output>
        </test-method> <!-- TC08 -->
        <test-method is-config="true" signature="afterMethod()[pri:0, instance:Railway.Register@45752059]" started-at="2026-02-09T17:16:12 ICT" name="afterMethod" finished-at="2026-02-09T17:16:12 ICT" duration-ms="0" status="PASS">
          <reporter-output>
          </reporter-output>
        </test-method> <!-- afterMethod -->
      </class> <!-- Railway.Register -->
    </test> <!-- Default test -->
  </suite> <!-- Default suite -->
</testng-results>
